<?xml version="1.0" encoding="UTF-8" ?>
<testsuite tests="1" failures="1" name="chopin.jsonreader.JsonReaderTest" time="0.005" errors="0" skipped="0">
  <properties>
[...]
</properties>
  <testcase classname="chopin.jsonreader.JsonReaderTest" name="chopin.jsonreader.JsonReaderTest.testGetColors" time="0.005">
    <failure message="class org.json.simple.JSONObject cannot be cast to class org.json.JSONObject (org.json.simple.JSONObject and org.json.JSONObject are in unnamed module of loader &apos;app&apos;)" type="java.lang.ClassCastException">java.lang.ClassCastException: class org.json.simple.JSONObject cannot be cast to class org.json.JSONObject (org.json.simple.JSONObject and org.json.JSONObject are in unnamed module of loader &apos;app&apos;)
	at chopin.jsonreader.JsonReader.parseFile(JsonReader.java:48)
	at chopin.jsonreader.JsonReader.getColor(JsonReader.java:21)
	at chopin.jsonreader.JsonReaderTest.testGetColors(JsonReaderTest.java:37)
</failure>
  </testcase>
</testsuite>