<?xml version="1.0" encoding="UTF-8" ?>
<testsuite tests="1" failures="1" name="chopin.imageconverter.ConvertTest" time="0.001" errors="0" skipped="0">
  <properties>
[...]
</properties>
  <testcase classname="chopin.imageconverter.ConvertTest" name="chopin.imageconverter.ConvertTest.testRangeBase" time="0.001">
    <failure message="Unresolved compilation problem: 
" type="java.lang.Error">java.lang.Error: Unresolved compilation problem: 
	at chopin.imageconverter.Convert.rangeBase(Convert.java:9)
	at chopin.imageconverter.ConvertTest.testRangeBase(ConvertTest.java:19)
</failure>
  </testcase>
</testsuite>